GROUP,PACKAGE,CLASS,INSTRUCTION_MISSED,INSTRUCTION_COVERED,BRANCH_MISSED,BRANCH_COVERED,LINE_MISSED,LINE_COVERED,COMPLEXITY_MISSED,COMPLEXITY_COVERED,METHOD_MISSED,METHOD_COVERED
untitled,com.example.constants,Sex,0,37,0,0,0,7,0,3,0,3
untitled,com.example.constants,AnimalKind,0,37,0,0,0,7,0,3,0,3
untitled,com.example,Feline,0,16,0,0,0,5,0,5,0,5
untitled,com.example,LionAlex,0,18,0,0,0,5,0,4,0,4
untitled,com.example,Animal,15,18,2,2,3,4,3,2,1,2
untitled,com.example,Lion,0,46,0,4,0,11,0,6,0,4
untitled,com.example,Cat,0,12,0,0,0,5,0,3,0,3
